SERVER_DETECT_CROSS= true  => true
.env file content (server/.env): TELEGRAM_BOT_TOKEN=8204370935:AAHo3adNNbAIqyjzyOtG7a_jGL9v7dCuNss | TELEGRAM_CHAT_ID=1767995569 | SERVER_DETECT_CROSS=true | 
Server listening on port 3001 
Fetching historical klines...
fetchAndInit: desired history=500, emaShort=9, emaLong=26, interval=1m
fetchAndInit: fetched closes length = 1000
Initial EMA9=102184.6978 EMA26=102250.7345 cross=bear
WebSocket connected for BTCUSDT
Updating monitoring params for BTCUSDT { interval: '5m', emaShort: 26, emaLong: 200 }
MONITOR_CONFIRM_CANDLES set to 1
WebSocket closed for BTCUSDT
Reconnecting WebSocket for BTCUSDT in 5s
Fetching historical klines...
fetchAndInit: desired history=500, emaShort=26, emaLong=200, interval=5m
fetchAndInit: fetched closes length = 1000
Initial EMA26=102165.5278 EMA200=101874.5295 cross=bull
WebSocket connected for BTCUSDT
WebSocket connected for BTCUSDT
ALERT: BTCUSDT Bearish EMA26 < EMA200 @ 102080 (2025-11-07T06:34:58.724Z)
Telegram send success true
Received /send-alert {
  ts: 1762498292948,
  received: true,
  symbol: 'BTCUSDT',
  price: 123456,
  message: 'Test EMA26/200 from automated test'
}
Telegram send success true
ALERT: BTCUSDT Bullish EMA26 > EMA200 @ 101798 (2025-11-07T07:29:58.538Z)
Telegram send success true
Received /send-alert {
  ts: 1762501198803,
  received: true,
  symbol: 'BTCUSDT',
  price: 101739.1,
  message: 'Bearish EMA26 < EMA200 @ 101739.1'
}
Telegram send success true
ALERT: BTCUSDT Bearish EMA26 < EMA200 @ 101768.1 (2025-11-07T07:44:58.946Z)
Telegram send success true
ALERT: BTCUSDT Bullish EMA26 > EMA200 @ 101918.1 (2025-11-07T07:49:58.620Z)
Telegram send success true
ALERT: BTCUSDT Bearish EMA26 < EMA200 @ 101955.7 (2025-11-07T07:54:58.517Z)
Telegram send success true
ALERT: BTCUSDT Bullish EMA26 > EMA200 @ 101978.8 (2025-11-07T07:59:58.612Z)
Telegram send success true
Received /send-alert {
  ts: 1762502698526,
  received: true,
  symbol: 'BTCUSDT',
  price: 101899.9,
  message: 'Bullish EMA26 > EMA200 @ 101899.9'
}
Telegram send success true
ALERT: BTCUSDT Bearish EMA26 < EMA200 @ 101863.6 (2025-11-07T08:09:58.561Z)
Telegram send success true
ALERT: BTCUSDT Bullish EMA26 > EMA200 @ 101895.2 (2025-11-07T08:14:58.525Z)
Telegram send success true
ALERT: BTCUSDT Bearish EMA26 < EMA200 @ 101800.1 (2025-11-07T08:19:58.827Z)
Telegram send success true
ALERT: BTCUSDT Bullish EMA26 > EMA200 @ 101804.2 (2025-11-07T08:24:58.496Z)
Telegram send success true
ALERT: BTCUSDT Bearish EMA26 < EMA200 @ 101755 (2025-11-07T08:29:58.598Z)
Telegram send success true
ALERT: BTCUSDT Bullish EMA26 > EMA200 @ 101658.2 (2025-11-07T08:34:58.634Z)
Received /send-alert {
  ts: 1762504498641,
  received: true,
  symbol: 'BTCUSDT',
  price: 101658.2,
  message: 'Bearish EMA26 < EMA200 @ 101658.2'
}
Telegram send success true
Telegram send success true
ALERT: BTCUSDT Bearish EMA26 < EMA200 @ 101530.1 (2025-11-07T08:39:58.388Z)
ALERT: BTCUSDT Bullish EMA26 > EMA200 @ 101530.1 (2025-11-07T08:39:58.390Z)
Telegram send success true
Telegram send success true
ALERT: BTCUSDT Bearish EMA26 < EMA200 @ 101483 (2025-11-07T08:54:58.388Z)
Telegram send success true
ALERT: BTCUSDT Bullish EMA26 > EMA200 @ 101461.8 (2025-11-07T08:59:58.463Z)
Telegram send success true
ALERT: BTCUSDT Bearish EMA26 < EMA200 @ 101325 (2025-11-07T09:14:58.645Z)
Telegram send success true
ALERT: BTCUSDT Bullish EMA26 > EMA200 @ 100928.6 (2025-11-07T09:49:58.327Z)
Telegram send success true
ALERT: BTCUSDT Bearish EMA26 < EMA200 @ 100785.2 (2025-11-07T09:54:58.302Z)
Telegram send success true
ALERT: BTCUSDT Bullish EMA26 > EMA200 @ 101190 (2025-11-07T10:04:58.220Z)
Telegram send success true
ALERT: BTCUSDT Bearish EMA26 < EMA200 @ 100924.5 (2025-11-07T10:14:59.131Z)
Telegram send success true
ALERT: BTCUSDT Bullish EMA26 > EMA200 @ 100663.2 (2025-11-07T10:34:58.545Z)
Telegram send success true
