{"ts":1762206838375,"received":true,"symbol":"BTCUSDT","price":99999,"message":"Simulated confirmedCross from frontend at 2025-11-04T06:53:58.3599811+09:00"}
{"ts":1762207515077,"received":true,"symbol":"BTCUSDT","price":1.395,"message":"Client simultaneous test 2025-11-04T07:05:15.0003161+09:00"}
{"ts":1762207600877,"received":true,"symbol":"BTCUSDT","price":108650.298,"message":"Client simultaneous test 2025-11-04T07:06:40.8579996+09:00"}
{"ts":1762207609820,"received":true,"symbol":"BTCUSDT","price":108666.618,"message":"Client simultaneous test 2025-11-04T07:06:49.8179717+09:00"}
{"ts":1762207666665,"received":true,"symbol":"BTCUSDT","price":107575.1,"message":"Sim test BTC +1% 2025-11-04T07:07:46.5850090+09:00"}
{"ts":1762207666671,"received":true,"symbol":"ETHUSDT","price":53255,"message":"Sim test ETH ~50% 2025-11-04T07:07:46.5850090+09:00"}
{"ts":1762207666677,"received":true,"symbol":"BTCUSDT","price":105977.45,"message":"Sim test BTC -0.5% 2025-11-04T07:07:46.5850090+09:00"}
{"ts":1762207707019,"received":true,"symbol":"BTCUSDT","price":0.175609,"message":"Sim test BTC +1% 2025-11-04T07:08:26.9289900+09:00"}
{"ts":1762207707025,"received":true,"symbol":"ETHUSDT","price":0.086935,"message":"Sim test ETH ~50% 2025-11-04T07:08:26.9289900+09:00"}
{"ts":1762207707030,"received":true,"symbol":"BTCUSDT","price":0.173001,"message":"Sim test BTC -0.5% 2025-11-04T07:08:26.9289900+09:00"}
{"ts":1762207740739,"received":true,"symbol":"BTCUSDT","price":0.175609,"message":"Sim test BTC +1% 2025-11-04T07:08:26.9289900+09:00"}
{"ts":1762207740743,"received":true,"symbol":"ETHUSDT","price":0.086935,"message":"Sim test ETH ~50% 2025-11-04T07:08:26.9289900+09:00"}
{"ts":1762207740747,"received":true,"symbol":"BTCUSDT","price":0.173001,"message":"Sim test BTC -0.5% 2025-11-04T07:08:26.9289900+09:00"}
{"ts":1762209566333,"received":true,"symbol":"MOVRUSDT","price":3.224,"message":"MOVRUSDT Bearish EMA9 < EMA26 @ 3.224"}
{"ts":1762209575008,"received":true,"symbol":"MOVRUSDT","price":3.224,"message":"MOVRUSDT Bearish EMA9 < EMA26 @ 3.224"}
{"ts":1762209675026,"received":true,"symbol":"MOVRUSDT","price":3.221,"message":"MOVRUSDT Bearish EMA9 < EMA26 @ 3.221"}
{"ts":1762209677582,"received":true,"symbol":"MOVRUSDT","price":3.221,"message":"MOVRUSDT Bearish EMA9 < EMA26 @ 3.221"}
{"ts":1762209683410,"received":true,"symbol":"MOVRUSDT","price":3.221,"message":"MOVRUSDT Bearish EMA9 < EMA26 @ 3.221"}
{"ts":1762210738269,"received":true,"symbol":"BTCUSDT","price":106403.2,"message":"BTCUSDT Bullish EMA9 > EMA26 @ 106403.2"}
{"ts":1762211099453,"received":true,"symbol":"JELLYJELLYUSDT","price":0.18264,"message":"Bearish EMA9 < EMA26 @ 0.18264"}
{"ts":1762211159475,"received":true,"symbol":"JELLYJELLYUSDT","price":0.18637,"message":"Bullish EMA9 > EMA26 @ 0.18637"}
{"ts":1762211682701,"received":true,"symbol":"BTCUSDT","price":106245.8,"message":"BTCUSDT Bearish EMA9 < EMA26 @ 106245.8"}
{"ts":1762211699060,"received":true,"symbol":"BTCUSDT","price":106245.8,"message":"BTCUSDT Bearish EMA9 < EMA26 @ 106245.8"}
{"ts":1762224032915,"received":true,"symbol":"BTCUSDT","price":106870,"message":"BTCUSDT Bearish EMA9 < EMA26 @ 106870"}
{"ts":1762224106112,"received":true,"symbol":"BTCUSDT","price":106883,"message":"BTCUSDT Bearish EMA9 < EMA26 @ 106883"}
{"ts":1762224117723,"received":true,"symbol":"BTCUSDT","price":106756.9,"message":"BTCUSDT Bearish EMA9 < EMA26 @ 106756.9"}
{"ts":1762224334615,"received":true,"symbol":"BTCUSDT","price":106656.2,"message":"BTCUSDT Bearish EMA9 < EMA26 @ 106656.2"}
{"ts":1762224341124,"received":true,"symbol":"BTCUSDT","price":106661.6,"message":"BTCUSDT Bearish EMA9 < EMA26 @ 106661.6"}
{"ts":1762224579685,"received":true,"symbol":"BTCUSDT","price":106512.1,"message":"BTCUSDT Bearish EMA9 < EMA26 @ 106512.1"}
{"ts":1762224699071,"received":true,"symbol":"BTCUSDT","price":106485.6,"message":"BTCUSDT Bearish EMA9 < EMA26 @ 106485.6"}
{"ts":1762224977428,"received":true,"symbol":"BTCUSDT","price":106540.1,"message":"BTCUSDT Bearish EMA9 < EMA26 @ 106540.1"}
{"ts":1762225004003,"received":true,"symbol":"BTCUSDT","price":106541.1,"message":"BTCUSDT Bearish EMA9 < EMA26 @ 106541.1"}
{"ts":1762225025331,"received":true,"symbol":"BTCUSDT","price":106544.8,"message":"BTCUSDT Bearish EMA9 < EMA26 @ 106544.8"}
{"ts":1762225132126,"received":true,"symbol":"BTCUSDT","price":106531.2,"message":"BTCUSDT Bearish EMA9 < EMA26 @ 106531.2"}
{"ts":1762225136753,"received":true,"symbol":"BTCUSDT","price":106531.2,"message":"BTCUSDT Bearish EMA9 < EMA26 @ 106531.2"}
{"ts":1762225139571,"received":true,"symbol":"BTCUSDT","price":106531.2,"message":"BTCUSDT Bearish EMA9 < EMA26 @ 106531.2"}
{"ts":1762225297021,"received":true,"symbol":"BTCUSDT","price":106502,"message":"BTCUSDT Bearish EMA9 < EMA26 @ 106502"}
{"ts":1762225528065,"received":true,"symbol":"BTCUSDT","price":106367.3,"message":"BTCUSDT Bearish EMA9 < EMA26 @ 106367.3"}
{"ts":1762225634008,"received":true,"symbol":"BTCUSDT","price":106215.3,"message":"BTCUSDT Bearish EMA9 < EMA26 @ 106215.3"}
{"ts":1762226835271,"received":true,"symbol":"JELLYJELLYUSDT","price":0.1852,"message":"JELLYJELLYUSDT Bullish EMA26 > EMA200 @ 0.1852"}
{"ts":1762228396819,"received":true,"symbol":"BTCUSDT","price":106982.9,"message":"BTCUSDT Bullish EMA9 > EMA26 @ 106982.9"}
{"ts":1762228473100,"received":true,"symbol":"BTCUSDT","price":107061.2,"message":"BTCUSDT Bullish EMA9 > EMA26 @ 107061.2"}
{"ts":1762228771800,"received":true,"symbol":"BTCUSDT","price":107138.7,"message":"BTCUSDT Bullish EMA9 > EMA26 @ 107138.7"}
{"ts":1762228781139,"received":true,"symbol":"BTCUSDT","price":107138.7,"message":"BTCUSDT Bullish EMA9 > EMA26 @ 107138.7"}
{"ts":1762228930624,"received":true,"symbol":"BTCUSDT","price":107212.3,"message":"BTCUSDT Bullish EMA9 > EMA26 @ 107212.3"}
{"ts":1762229466480,"received":true,"symbol":"BTCUSDT","price":107172.5,"message":"BTCUSDT Bullish EMA9 > EMA26 @ 107172.5"}
{"ts":1762229553746,"received":true,"symbol":"BTCUSDT","price":107167.5,"message":"BTCUSDT Bullish EMA9 > EMA26 @ 107167.5"}
{"ts":1762229818996,"received":true,"symbol":"BTCUSDT","price":106976.9,"message":"Bearish EMA9 < EMA26 @ 106976.9"}
{"ts":1762236538586,"received":true,"symbol":"JELLYJELLYUSDT","price":0.20346,"message":"Bullish EMA9 > EMA26 @ 0.20346"}
{"ts":1762236898603,"received":true,"symbol":"BDXNUSDT","price":0.08588,"message":"Bullish EMA9 > EMA26 @ 0.08588"}
{"ts":1762238278764,"received":true,"symbol":"ARCUSDT","price":0.02819,"message":"Bearish EMA9 < EMA26 @ 0.02819"}
{"ts":1762312196079,"received":true,"symbol":"BTCUSDT","price":101736.1,"message":"Bullish EMA9 > EMA26 @ 101736.1"}
{"ts":1762332295351,"received":true,"symbol":"GIGGLEUSDT","price":129.31,"message":"Bearish EMA9 < EMA26 @ 129.31"}
{"ts":1762334395353,"received":true,"symbol":"GIGGLEUSDT","price":131.43,"message":"Bullish EMA9 > EMA26 @ 131.43"}
{"ts":1762336795192,"received":true,"symbol":"GIGGLEUSDT","price":127.69,"message":"Bearish EMA9 < EMA26 @ 127.69"}
{"ts":1762337395215,"received":true,"symbol":"GIGGLEUSDT","price":126.36,"message":"Bullish EMA9 > EMA26 @ 126.36"}
{"ts":1762337995238,"received":true,"symbol":"GIGGLEUSDT","price":126.13,"message":"Bearish EMA9 < EMA26 @ 126.13"}
{"ts":1762338295221,"received":true,"symbol":"GIGGLEUSDT","price":128.96,"message":"Bullish EMA9 > EMA26 @ 128.96"}
{"ts":1762338595157,"received":true,"symbol":"GIGGLEUSDT","price":129.74,"message":"Bearish EMA9 < EMA26 @ 129.74"}
{"ts":1762339495114,"received":true,"symbol":"GIGGLEUSDT","price":127.48,"message":"Bullish EMA9 > EMA26 @ 127.48"}
{"ts":1762341895115,"received":true,"symbol":"BTCUSDT","price":101624.3,"message":"Bearish EMA9 < EMA26 @ 101624.3"}
{"ts":1762356599941,"received":true,"symbol":"BTCUSDT","price":103312.1,"message":"Bearish EMA9 < EMA26 @ 103312.1"}
{"ts":1762376399330,"received":true,"symbol":"BTCUSDT","price":103788,"message":"Bullish EMA9 > EMA26 @ 103788"}
{"ts":1762385699561,"received":true,"symbol":"BTCUSDT","price":103914.5,"message":"Bearish EMA9 < EMA26 @ 103914.5"}
{"ts":1762388698860,"received":true,"symbol":"BTCUSDT","price":103394.4,"message":"Bullish EMA9 > EMA26 @ 103394.4"}
{"ts":1762399198738,"received":true,"symbol":"BTCUSDT","price":103781.5,"message":"Bearish EMA9 < EMA26 @ 103781.5"}
{"ts":1762409398312,"received":true,"symbol":"BTCUSDT","price":103022,"message":"Bearish EMA9 < EMA26 @ 103022"}
{"ts":1762411798044,"received":true,"symbol":"BTCUSDT","price":103393.4,"message":"Bullish EMA9 > EMA26 @ 103393.4"}
{"ts":1762412398243,"received":true,"symbol":"BTCUSDT","price":103268.7,"message":"Bearish EMA9 < EMA26 @ 103268.7"}
{"ts":1762483499515,"received":true,"symbol":"BTCUSDT","price":101513.2,"message":"Bullish EMA9 > EMA26 @ 101513.2"}
{"ts":1762498292948,"received":true,"symbol":"BTCUSDT","price":123456,"message":"Test EMA26/200 from automated test"}
{"ts":1762501198803,"received":true,"symbol":"BTCUSDT","price":101739.1,"message":"Bearish EMA26 < EMA200 @ 101739.1"}
{"ts":1762502698526,"received":true,"symbol":"BTCUSDT","price":101899.9,"message":"Bullish EMA26 > EMA200 @ 101899.9"}
{"ts":1762504498641,"received":true,"symbol":"BTCUSDT","price":101658.2,"message":"Bearish EMA26 < EMA200 @ 101658.2"}
{"ts":1762533597615,"receipt":true,"symbol":"BTCUSDT","price":101158.5,"emaShort":26,"emaLong":200,"interval":"1m","message":"Bullish EMA26 > EMA200 @ 101158.5 (EMA26/200)"}
{"ts":1762533598144,"receipt":true,"symbol":"BTCUSDT","price":101158.5,"emaShort":26,"emaLong":200,"interval":"1m","message":"Bullish EMA26 > EMA200 @ 101158.5 (EMA26/200)"}
{"ts":1762533599152,"receipt":true,"symbol":"BTCUSDT","price":101158.5,"emaShort":26,"emaLong":200,"interval":"1m","message":"Bullish EMA26 > EMA200 @ 101158.5 (EMA26/200)"}
{"ts":1762580999193,"receipt":true,"symbol":"BTCUSDT","price":102376.3,"emaShort":26,"emaLong":200,"interval":"1m","message":"Bearish EMA26 < EMA200 @ 102376.3 (EMA26/200)"}
{"ts":1762580999739,"receipt":true,"symbol":"BTCUSDT","price":102376.3,"emaShort":26,"emaLong":200,"interval":"1m","message":"Bearish EMA26 < EMA200 @ 102376.3 (EMA26/200)"}
{"ts":1762581000750,"receipt":true,"symbol":"BTCUSDT","price":102376.3,"emaShort":26,"emaLong":200,"interval":"1m","message":"Bearish EMA26 < EMA200 @ 102376.3 (EMA26/200)"}
{"ts":1762637997483,"receipt":true,"symbol":"BTCUSDT","price":102180.3,"emaShort":26,"emaLong":200,"interval":"1m","message":"Bullish EMA26 > EMA200 @ 102180.3 (EMA26/200)"}
{"ts":1762637998022,"receipt":true,"symbol":"BTCUSDT","price":102180.3,"emaShort":26,"emaLong":200,"interval":"1m","message":"Bullish EMA26 > EMA200 @ 102180.3 (EMA26/200)"}
{"ts":1762637999041,"receipt":true,"symbol":"BTCUSDT","price":102180.3,"emaShort":26,"emaLong":200,"interval":"1m","message":"Bullish EMA26 > EMA200 @ 102180.3 (EMA26/200)"}
